[debug] [2022-05-30T11:15:20.962Z] ----------------------------------------------------------------------
[debug] [2022-05-30T11:15:20.962Z] Command:       C:\Program Files\nodejs\node.exe C:\Users\bdbod\AppData\Roaming\npm\node_modules\firebase-tools\lib\bin\firebase.js init
[debug] [2022-05-30T11:15:20.962Z] CLI Version:   10.8.0
[debug] [2022-05-30T11:15:20.962Z] Platform:      win32
[debug] [2022-05-30T11:15:20.962Z] Node Version:  v16.14.0
[debug] [2022-05-30T11:15:20.978Z] Time:          Mon May 30 2022 17:15:20 GMT+0600 (Bangladesh Standard Time)
[debug] [2022-05-30T11:15:20.978Z] ----------------------------------------------------------------------
[debug] 
[debug] [2022-05-30T11:15:20.978Z] >>> [apiv2][query] GET https://firebase-public.firebaseio.com/cli.json [none]
[debug] [2022-05-30T11:15:21.025Z] > command requires scopes: ["email","openid","https://www.googleapis.com/auth/cloudplatformprojects.readonly","https://www.googleapis.com/auth/firebase","https://www.googleapis.com/auth/cloud-platform"]
[debug] [2022-05-30T11:15:21.025Z] > authorizing via signed-in user (itabdurrahim22@gmail.com)
[info] 
     ######## #### ########  ######## ########     ###     ######  ########
     ##        ##  ##     ## ##       ##     ##  ##   ##  ##       ##
     ######    ##  ########  ######   ########  #########  ######  ######
     ##        ##  ##    ##  ##       ##     ## ##     ##       ## ##
     ##       #### ##     ## ######## ########  ##     ##  ######  ########

You're about to initialize a Firebase project in this directory:

  C:\Users\bdbod\Videos\project1\assignment-12

[debug] [2022-05-30T11:15:22.257Z] <<< [apiv2][status] GET https://firebase-public.firebaseio.com/cli.json 200
[debug] [2022-05-30T11:15:22.257Z] <<< [apiv2][body] GET https://firebase-public.firebaseio.com/cli.json {"cloudBuildErrorAfter":1594252800000,"cloudBuildWarnAfter":1590019200000,"defaultNode10After":1594252800000,"minVersion":"3.0.5","node8DeploysDisabledAfter":1613390400000,"node8RuntimeDisabledAfter":1615809600000,"node8WarnAfter":1600128000000}
[info] 
=== Project Setup
[info] 
[info] First, let's associate this project directory with a Firebase project.
[info] You can create multiple project aliases by running firebase use --add, 
[info] but for now we'll just set up a default project.
[info] 
